<?xml version="1.0" encoding="UTF-8"?>
<!-- Generated by org.testng.reporters.JUnitReportReporter -->
<testsuite hostname="VINOD" failures="0" tests="2" name="Practice.Sampl2Test" time="0.009" errors="0" timestamp="2023-01-20T17:53:08 IST" skipped="0">
  <testcase classname="Practice.Sampl2Test" name="test2" time="0.002"/>
  <system-out/>
  <testcase classname="Practice.Sampl2Test" name="test1" time="0.007"/>
  <system-out/>
</testsuite> <!-- Practice.Sampl2Test -->
