<?xml version="1.0" encoding="UTF-8"?>
<!-- Generated by org.testng.reporters.JUnitReportReporter -->
<testsuite hostname="VINOD" failures="0" tests="1" name="Practice.Update_Test" time="0.006" errors="0" timestamp="2023-01-20T17:53:29 IST" skipped="0">
  <testcase classname="Practice.Update_Test" name="update" time="0.006"/>
  <system-out/>
</testsuite> <!-- Practice.Update_Test -->
