<?xml version="1.0" encoding="UTF-8"?>
<!-- Generated by org.testng.reporters.JUnitReportReporter -->
<testsuite skipped="0" hostname="VINOD" name="Practice.CreateClassForRunConfi" tests="1" failures="0" timestamp="2023-01-18T15:01:21 IST" time="0.008" errors="0">
  <testcase name="create" time="0.008" classname="Practice.CreateClassForRunConfi"/>
  <system-out/>
</testsuite> <!-- Practice.CreateClassForRunConfi -->
