<?xml version="1.0" encoding="UTF-8"?>
<!-- Generated by org.testng.reporters.JUnitReportReporter -->
<testsuite hostname="VINOD" failures="0" tests="2" name="Practice.Sample3Test" time="0.009" errors="0" timestamp="2023-01-20T17:53:21 IST" skipped="0">
  <testcase classname="Practice.Sample3Test" name="test5" time="0.002"/>
  <system-out/>
  <testcase classname="Practice.Sample3Test" name="test3" time="0.007"/>
  <system-out/>
</testsuite> <!-- Practice.Sample3Test -->
